<html>
<head>
<title>TestNG:  Complete Sign in Button tests with English Language</title>
<link href="../testng.css" rel="stylesheet" type="text/css" />
<link href="../my-testng.css" rel="stylesheet" type="text/css" />

<style type="text/css">
.log { display: none;} 
.stack-trace { display: none;} 
</style>
<script type="text/javascript">
<!--
function flip(e) {
  current = e.style.display;
  if (current == 'block') {
    e.style.display = 'none';
    return 0;
  }
  else {
    e.style.display = 'block';
    return 1;
  }
}

function toggleBox(szDivId, elem, msg1, msg2)
{
  var res = -1;  if (document.getElementById) {
    res = flip(document.getElementById(szDivId));
  }
  else if (document.all) {
    // this is the way old msie versions work
    res = flip(document.all[szDivId]);
  }
  if(elem) {
    if(res == 0) elem.innerHTML = msg1; else elem.innerHTML = msg2;
  }

}

function toggleAllBoxes() {
  if (document.getElementsByTagName) {
    d = document.getElementsByTagName('div');
    for (i = 0; i < d.length; i++) {
      if (d[i].className == 'log') {
        flip(d[i]);
      }
    }
  }
}

// -->
</script>

</head>
<body>
<h2 align='center'>Complete Sign in Button tests with English Language</h2><table border='1' align="center">
<tr>
<td>Tests passed/Failed/Skipped:</td><td>9/0/0</td>
</tr><tr>
<td>Started on:</td><td>Fri Mar 20 00:57:01 IST 2020</td>
</tr>
<tr><td>Total time:</td><td>93 seconds (93098 ms)</td>
</tr><tr>
<td>Included groups:</td><td></td>
</tr><tr>
<td>Excluded groups:</td><td></td>
</tr>
</table><p/>
<small><i>(Hover the method name to see the test class name)</i></small><p/>
<table width='100%' border='1' class='invocation-failed'>
<tr><td colspan='4' align='center'><b>FAILED TESTS</b></td></tr>
<tr><td><b>Test method</b></td>
<td width="30%"><b>Exception</b></td>
<td width="10%"><b>Time (seconds)</b></td>
<td><b>Instance</b></td>
</tr>
<tr>
<td title='com.qa.tests.SigninWithEnglishLanguage.checkContinueLoginWithFBBtn()'><b>checkContinueLoginWithFBBtn</b><br>Test class: com.qa.tests.SigninWithEnglishLanguage<br>Test method: Verified Continue Fb Button</td>
<td><div><pre>org.openqa.selenium.StaleElementReferenceException: androidx.test.uiautomator.StaleObjectException
For documentation on this error, please visit: https://www.seleniumhq.org/exceptions/stale_element_reference.html
Build info: version: &apos;3.141.59&apos;, revision: &apos;e82be7d358&apos;, time: &apos;2018-11-14T08:17:03&apos;
System info: host: &apos;LENOVO-PC&apos;, ip: &apos;192.168.100.10&apos;, os.name: &apos;Windows 7&apos;, os.arch: &apos;amd64&apos;, os.version: &apos;6.1&apos;, java.version: &apos;1.8.0_131&apos;
Driver info: io.appium.java_client.android.AndroidDriver
Capabilities {appActivity: com.payvoo.app.ui.activity...., appPackage: in.rebase.app, automationName: UiAutomator2, databaseEnabled: false, desired: {appActivity: com.payvoo.app.ui.activity...., appPackage: in.rebase.app, automationName: UiAutomator2, deviceName: Android Emulator, platformName: android, platformVersion: 9.0}, deviceApiLevel: 28, deviceManufacturer: Google, deviceModel: AOSP on IA Emulator, deviceName: emulator-5554, deviceScreenDensity: 420, deviceScreenSize: 1080x1920, deviceUDID: emulator-5554, javascriptEnabled: true, locationContextEnabled: false, networkConnectionEnabled: true, pixelRatio: 2.625, platform: LINUX, platformName: Android, platformVersion: 9, statBarHeight: 63, takesScreenshot: true, viewportRect: {height: 1731, left: 0, top: 63, width: 1080}, warnings: {}, webStorageEnabled: false}
Session ID: 9b03516c-4ebb-4e35-b46c-50cc3e6566ae
	at org.openqa.selenium.remote.http.W3CHttpResponseCodec.createException(W3CHttpResponseCodec.java:187)
	at org.openqa.selenium.remote.http.W3CHttpResponseCodec.decode(W3CHttpResponseCodec.java:122)
	at org.openqa.selenium.remote.http.W3CHttpResponseCodec.decode(W3CHttpResponseCodec.java:49)
	at org.openqa.selenium.remote.HttpCommandExecutor.execute(HttpCommandExecutor.java:158)
	at io.appium.java_client.remote.AppiumCommandExecutor.execute(AppiumCommandExecutor.java:239)
	at org.openqa.selenium.remote.RemoteWebDriver.execute(RemoteWebDriver.java:552)
	at io.appium.java_client.DefaultGenericMobileDriver.execute(DefaultGenericMobileDriver.java:41)
	at io.appium.java_client.AppiumDriver.execute(AppiumDriver.java:1)
	at io.appium.java_client.android.AndroidDriver.execute(AndroidDriver.java:1)
	at org.openqa.selenium.remote.RemoteWebElement.execute(RemoteWebElement.java:285)
	at io.appium.java_client.DefaultGenericMobileElement.execute(DefaultGenericMobileElement.java:45)
	at io.appium.java_client.MobileElement.execute(MobileElement.java:1)
	at io.appium.java_client.android.AndroidElement.execute(AndroidElement.java:1)
	at org.openqa.selenium.remote.RemoteWebElement.getAttribute(RemoteWebElement.java:134)
	at io.appium.java_client.pagefactory.ElementInterceptor.getObject(ElementInterceptor.java:40)
	at io.appium.java_client.pagefactory.interceptors.InterceptorOfASingleElement.intercept(InterceptorOfASingleElement.java:60)
	at io.appium.java_client.android.AndroidElement$$EnhancerByCGLIB$$b598166c.getAttribute(&lt;generated&gt;)
	at com.qa.BaseTestForSigninSignUp.getAttribute(BaseTestForSigninSignUp.java:169)
	at com.qa.pages.CreatePasswordPage.getTitleCreatePassword(CreatePasswordPage.java:25)
	at com.qa.tests.SigninWithEnglishLanguage.checkContinueLoginWithFBBtn(SigninWithEnglishLanguage.java:247)
	at java.util.ArrayList.forEach(ArrayList.java:1249)
... Removed 35 stack frames</pre></div><a href='#' onClick='toggleBox("stack-trace194277435", this, "Click to show all stack frames", "Click to hide stack frames")'>Click to show all stack frames</a>
<div class='stack-trace' id='stack-trace194277435'><pre>org.openqa.selenium.StaleElementReferenceException: androidx.test.uiautomator.StaleObjectException
For documentation on this error, please visit: https://www.seleniumhq.org/exceptions/stale_element_reference.html
Build info: version: &apos;3.141.59&apos;, revision: &apos;e82be7d358&apos;, time: &apos;2018-11-14T08:17:03&apos;
System info: host: &apos;LENOVO-PC&apos;, ip: &apos;192.168.100.10&apos;, os.name: &apos;Windows 7&apos;, os.arch: &apos;amd64&apos;, os.version: &apos;6.1&apos;, java.version: &apos;1.8.0_131&apos;
Driver info: io.appium.java_client.android.AndroidDriver
Capabilities {appActivity: com.payvoo.app.ui.activity...., appPackage: in.rebase.app, automationName: UiAutomator2, databaseEnabled: false, desired: {appActivity: com.payvoo.app.ui.activity...., appPackage: in.rebase.app, automationName: UiAutomator2, deviceName: Android Emulator, platformName: android, platformVersion: 9.0}, deviceApiLevel: 28, deviceManufacturer: Google, deviceModel: AOSP on IA Emulator, deviceName: emulator-5554, deviceScreenDensity: 420, deviceScreenSize: 1080x1920, deviceUDID: emulator-5554, javascriptEnabled: true, locationContextEnabled: false, networkConnectionEnabled: true, pixelRatio: 2.625, platform: LINUX, platformName: Android, platformVersion: 9, statBarHeight: 63, takesScreenshot: true, viewportRect: {height: 1731, left: 0, top: 63, width: 1080}, warnings: {}, webStorageEnabled: false}
Session ID: 9b03516c-4ebb-4e35-b46c-50cc3e6566ae
	at sun.reflect.NativeConstructorAccessorImpl.newInstance0(Native Method)
	at sun.reflect.NativeConstructorAccessorImpl.newInstance(NativeConstructorAccessorImpl.java:62)
	at sun.reflect.DelegatingConstructorAccessorImpl.newInstance(DelegatingConstructorAccessorImpl.java:45)
	at java.lang.reflect.Constructor.newInstance(Constructor.java:423)
	at org.openqa.selenium.remote.http.W3CHttpResponseCodec.createException(W3CHttpResponseCodec.java:187)
	at org.openqa.selenium.remote.http.W3CHttpResponseCodec.decode(W3CHttpResponseCodec.java:122)
	at org.openqa.selenium.remote.http.W3CHttpResponseCodec.decode(W3CHttpResponseCodec.java:49)
	at org.openqa.selenium.remote.HttpCommandExecutor.execute(HttpCommandExecutor.java:158)
	at io.appium.java_client.remote.AppiumCommandExecutor.execute(AppiumCommandExecutor.java:239)
	at org.openqa.selenium.remote.RemoteWebDriver.execute(RemoteWebDriver.java:552)
	at io.appium.java_client.DefaultGenericMobileDriver.execute(DefaultGenericMobileDriver.java:41)
	at io.appium.java_client.AppiumDriver.execute(AppiumDriver.java:1)
	at io.appium.java_client.android.AndroidDriver.execute(AndroidDriver.java:1)
	at org.openqa.selenium.remote.RemoteWebElement.execute(RemoteWebElement.java:285)
	at io.appium.java_client.DefaultGenericMobileElement.execute(DefaultGenericMobileElement.java:45)
	at io.appium.java_client.MobileElement.execute(MobileElement.java:1)
	at io.appium.java_client.android.AndroidElement.execute(AndroidElement.java:1)
	at org.openqa.selenium.remote.RemoteWebElement.getAttribute(RemoteWebElement.java:134)
	at sun.reflect.NativeMethodAccessorImpl.invoke0(Native Method)
	at sun.reflect.NativeMethodAccessorImpl.invoke(NativeMethodAccessorImpl.java:62)
	at sun.reflect.DelegatingMethodAccessorImpl.invoke(DelegatingMethodAccessorImpl.java:43)
	at java.lang.reflect.Method.invoke(Method.java:498)
	at io.appium.java_client.pagefactory.ElementInterceptor.getObject(ElementInterceptor.java:40)
	at io.appium.java_client.pagefactory.interceptors.InterceptorOfASingleElement.intercept(InterceptorOfASingleElement.java:60)
	at io.appium.java_client.android.AndroidElement$$EnhancerByCGLIB$$b598166c.getAttribute(&lt;generated&gt;)
	at com.qa.BaseTestForSigninSignUp.getAttribute(BaseTestForSigninSignUp.java:169)
	at com.qa.pages.CreatePasswordPage.getTitleCreatePassword(CreatePasswordPage.java:25)
	at com.qa.tests.SigninWithEnglishLanguage.checkContinueLoginWithFBBtn(SigninWithEnglishLanguage.java:247)
	at sun.reflect.NativeMethodAccessorImpl.invoke0(Native Method)
	at sun.reflect.NativeMethodAccessorImpl.invoke(NativeMethodAccessorImpl.java:62)
	at sun.reflect.DelegatingMethodAccessorImpl.invoke(DelegatingMethodAccessorImpl.java:43)
	at java.lang.reflect.Method.invoke(Method.java:498)
	at org.testng.internal.MethodInvocationHelper.invokeMethod(MethodInvocationHelper.java:133)
	at org.testng.internal.TestInvoker.invokeMethod(TestInvoker.java:584)
	at org.testng.internal.TestInvoker.invokeTestMethod(TestInvoker.java:172)
	at org.testng.internal.MethodRunner.runInSequence(MethodRunner.java:46)
	at org.testng.internal.TestInvoker$MethodInvocationAgent.invoke(TestInvoker.java:804)
	at org.testng.internal.TestInvoker.invokeTestMethods(TestInvoker.java:145)
	at org.testng.internal.TestMethodWorker.invokeTestMethods(TestMethodWorker.java:146)
	at org.testng.internal.TestMethodWorker.run(TestMethodWorker.java:128)
	at java.util.ArrayList.forEach(ArrayList.java:1249)
	at org.testng.TestRunner.privateRun(TestRunner.java:770)
	at org.testng.TestRunner.run(TestRunner.java:591)
	at org.testng.SuiteRunner.runTest(SuiteRunner.java:402)
	at org.testng.SuiteRunner.runSequentially(SuiteRunner.java:396)
	at org.testng.SuiteRunner.privateRun(SuiteRunner.java:355)
	at org.testng.SuiteRunner.run(SuiteRunner.java:304)
	at org.testng.SuiteRunnerWorker.runSuite(SuiteRunnerWorker.java:53)
	at org.testng.SuiteRunnerWorker.run(SuiteRunnerWorker.java:96)
	at org.testng.TestNG.runSuitesSequentially(TestNG.java:1180)
	at org.testng.TestNG.runSuitesLocally(TestNG.java:1102)
	at org.testng.TestNG.runSuites(TestNG.java:1032)
	at org.testng.TestNG.run(TestNG.java:1000)
	at org.testng.remote.AbstractRemoteTestNG.run(AbstractRemoteTestNG.java:115)
	at org.testng.remote.RemoteTestNG.initAndRun(RemoteTestNG.java:251)
	at org.testng.remote.RemoteTestNG.main(RemoteTestNG.java:77)
</pre></div></td>
<td>14</td>
<td>com.qa.tests.SigninWithEnglishLanguage@26a262d6</td></tr>
<tr>
<td title='com.qa.tests.SigninWithEnglishLanguage.checkContinueLoginWithFBBtn()'><b>checkContinueLoginWithFBBtn</b><br>Test class: com.qa.tests.SigninWithEnglishLanguage<br>Test method: Verified Continue Fb Button</td>
<td><div><pre>java.lang.NullPointerException
	at com.qa.listeners.TestsListener.onTestFailure(TestsListener.java:30)
	at java.util.ArrayList.forEach(ArrayList.java:1249)
... Removed 24 stack frames</pre></div><a href='#' onClick='toggleBox("stack-trace181097736", this, "Click to show all stack frames", "Click to hide stack frames")'>Click to show all stack frames</a>
<div class='stack-trace' id='stack-trace181097736'><pre>java.lang.NullPointerException
	at com.qa.listeners.TestsListener.onTestFailure(TestsListener.java:30)
	at org.testng.internal.TestListenerHelper.runTestListeners(TestListenerHelper.java:66)
	at org.testng.internal.TestInvoker.runTestResultListener(TestInvoker.java:210)
	at org.testng.internal.TestInvoker.invokeMethod(TestInvoker.java:638)
	at org.testng.internal.TestInvoker.invokeTestMethod(TestInvoker.java:172)
	at org.testng.internal.MethodRunner.runInSequence(MethodRunner.java:46)
	at org.testng.internal.TestInvoker$MethodInvocationAgent.invoke(TestInvoker.java:804)
	at org.testng.internal.TestInvoker.invokeTestMethods(TestInvoker.java:145)
	at org.testng.internal.TestMethodWorker.invokeTestMethods(TestMethodWorker.java:146)
	at org.testng.internal.TestMethodWorker.run(TestMethodWorker.java:128)
	at java.util.ArrayList.forEach(ArrayList.java:1249)
	at org.testng.TestRunner.privateRun(TestRunner.java:770)
	at org.testng.TestRunner.run(TestRunner.java:591)
	at org.testng.SuiteRunner.runTest(SuiteRunner.java:402)
	at org.testng.SuiteRunner.runSequentially(SuiteRunner.java:396)
	at org.testng.SuiteRunner.privateRun(SuiteRunner.java:355)
	at org.testng.SuiteRunner.run(SuiteRunner.java:304)
	at org.testng.SuiteRunnerWorker.runSuite(SuiteRunnerWorker.java:53)
	at org.testng.SuiteRunnerWorker.run(SuiteRunnerWorker.java:96)
	at org.testng.TestNG.runSuitesSequentially(TestNG.java:1180)
	at org.testng.TestNG.runSuitesLocally(TestNG.java:1102)
	at org.testng.TestNG.runSuites(TestNG.java:1032)
	at org.testng.TestNG.run(TestNG.java:1000)
	at org.testng.remote.AbstractRemoteTestNG.run(AbstractRemoteTestNG.java:115)
	at org.testng.remote.RemoteTestNG.initAndRun(RemoteTestNG.java:251)
	at org.testng.remote.RemoteTestNG.main(RemoteTestNG.java:77)
</pre></div></td>
<td>14</td>
<td>com.qa.tests.SigninWithEnglishLanguage@26a262d6</td></tr>
</table><p>
<table width='100%' border='1' class='invocation-passed'>
<tr><td colspan='4' align='center'><b>PASSED TESTS</b></td></tr>
<tr><td><b>Test method</b></td>
<td width="30%"><b>Exception</b></td>
<td width="10%"><b>Time (seconds)</b></td>
<td><b>Instance</b></td>
</tr>
<tr>
<td title='com.qa.tests.SigninWithEnglishLanguage.checkAgreeAndContinueButton()'><b>checkAgreeAndContinueButton</b><br>Test class: com.qa.tests.SigninWithEnglishLanguage<br>Test method: Verified Agree_And Continue Button To Get The Permision Page Which Will Ask The Permission For Sending SMS</td>
<td></td>
<td>1</td>
<td>com.qa.tests.SigninWithEnglishLanguage@26a262d6</td></tr>
<tr>
<td title='com.qa.tests.SigninWithEnglishLanguage.checkContactsAllowButton()'><b>checkContactsAllowButton</b><br>Test class: com.qa.tests.SigninWithEnglishLanguage<br>Test method: Verified allow button to Give The Permission For Access Contacts</td>
<td></td>
<td>1</td>
<td>com.qa.tests.SigninWithEnglishLanguage@26a262d6</td></tr>
<tr>
<td title='com.qa.tests.SigninWithEnglishLanguage.checkEnglishLangButton()'><b>checkEnglishLangButton</b><br>Test class: com.qa.tests.SigninWithEnglishLanguage<br>Test method: Verify Select English language  Button and clicked on Continue With English Language Button and after verification it will jump on Permission page</td>
<td></td>
<td>3</td>
<td>com.qa.tests.SigninWithEnglishLanguage@26a262d6</td></tr>
<tr>
<td title='com.qa.tests.SigninWithEnglishLanguage.checkFBLoginButton()'><b>checkFBLoginButton</b><br>Test class: com.qa.tests.SigninWithEnglishLanguage<br>Test method: Verified Login With Facebook Button And Get Facebook Page For Login By Username and Password</td>
<td></td>
<td>13</td>
<td>com.qa.tests.SigninWithEnglishLanguage@26a262d6</td></tr>
<tr>
<td title='com.qa.tests.SigninWithEnglishLanguage.checkFBLoginPage()'><b>checkFBLoginPage</b><br>Test class: com.qa.tests.SigninWithEnglishLanguage<br>Test method: Verified(EditText By Enter FaceBook_UserName And Facebook_Password and Clicked On Login Button)</td>
<td></td>
<td>19</td>
<td>com.qa.tests.SigninWithEnglishLanguage@26a262d6</td></tr>
<tr>
<td title='com.qa.tests.SigninWithEnglishLanguage.checkLocationAllowButton()'><b>checkLocationAllowButton</b><br>Test class: com.qa.tests.SigninWithEnglishLanguage<br>Test method: Verified allow button to Give The Permission For Location</td>
<td></td>
<td>2</td>
<td>com.qa.tests.SigninWithEnglishLanguage@26a262d6</td></tr>
<tr>
<td title='com.qa.tests.SigninWithEnglishLanguage.checkManagePhoneCallsAllowButton()'><b>checkManagePhoneCallsAllowButton</b><br>Test class: com.qa.tests.SigninWithEnglishLanguage<br>Test method: Verified allow button to Give The Permission For Manage Phone Calls</td>
<td></td>
<td>1</td>
<td>com.qa.tests.SigninWithEnglishLanguage@26a262d6</td></tr>
<tr>
<td title='com.qa.tests.SigninWithEnglishLanguage.checkSignInButton()'><b>checkSignInButton</b><br>Test class: com.qa.tests.SigninWithEnglishLanguage<br>Test method: Verify Signin Button and after verification it will jump on Language page</td>
<td></td>
<td>6</td>
<td>com.qa.tests.SigninWithEnglishLanguage@26a262d6</td></tr>
<tr>
<td title='com.qa.tests.SigninWithEnglishLanguage.checkSmsAllowButton()'><b>checkSmsAllowButton</b><br>Test class: com.qa.tests.SigninWithEnglishLanguage<br>Test method: Verified allow button to Give The Permission For Sending SMS</td>
<td></td>
<td>1</td>
<td>com.qa.tests.SigninWithEnglishLanguage@26a262d6</td></tr>
</table><p>
</body>
</html>