<?xml version="1.0" encoding="UTF-8"?>
<!-- Generated by org.testng.reporters.JUnitXMLReporter -->
<testsuite hostname="Lenovo-PC" ignored="0" name="Complete Sign in Button tests" tests="12" failures="0" timestamp="2020-03-18T19:52:55 IST" time="8.655" errors="0">
  <testcase name="@BeforeTest beforeTest" time="7.658" classname="com.qa.BaseTestForSigninSignUp">
    <failure type="org.openqa.selenium.SessionNotCreatedException" message="Unable to create a new remote session. Please check the server log for more details. Original error: An unknown server-side error occurred while processing the command. Original error: The application at &amp;apos;C:\Users\AMITSI~1\AppData\Local\Temp\2020218-5516-eygydm.vbyf6\appium-uiautomator2-server-debug-androidTest.apk&amp;apos; is not writeable. Please grant write permissions to this file or to its parent folder &amp;apos;C:\Users\AMITSI~1\AppData\Local\Temp\2020218-5516-eygydm.vbyf6&amp;apos; for the Appium process, so it could sign the application
Build info: version: &amp;apos;3.141.59&amp;apos;, revision: &amp;apos;e82be7d358&amp;apos;, time: &amp;apos;2018-11-14T08:17:03&amp;apos;
System info: host: &amp;apos;LENOVO-PC&amp;apos;, ip: &amp;apos;192.168.42.47&amp;apos;, os.name: &amp;apos;Windows 7&amp;apos;, os.arch: &amp;apos;amd64&amp;apos;, os.version: &amp;apos;6.1&amp;apos;, java.version: &amp;apos;1.8.0_131&amp;apos;
Driver info: driver.version: AndroidDriver
remote stacktrace: UnknownError: An unknown server-side error occurred while processing the command. Original error: The application at &amp;apos;C:\Users\AMITSI~1\AppData\Local\Temp\2020218-5516-eygydm.vbyf6\appium-uiautomator2-server-debug-androidTest.apk&amp;apos; is not writeable. Please grant write permissions to this file or to its parent folder &amp;apos;C:\Users\AMITSI~1\AppData\Local\Temp\2020218-5516-eygydm.vbyf6&amp;apos; for the Appium process, so it could sign the application
    at getResponseForW3CError (C:\Program Files\Appium\resources\app\node_modules\appium\node_modules\appium-base-driver\lib\protocol\errors.js:804:9)
    at asyncHandler (C:\Program Files\Appium\resources\app\node_modules\appium\node_modules\appium-base-driver\lib\protocol\protocol.js:388:37)
    at process._tickCallback (internal/process/next_tick.js:68:7)
Build info: version: &amp;apos;3.141.59&amp;apos;, revision: &amp;apos;e82be7d358&amp;apos;, time: &amp;apos;2018-11-14T08:17:03&amp;apos;
System info: host: &amp;apos;LENOVO-PC&amp;apos;, ip: &amp;apos;192.168.42.47&amp;apos;, os.name: &amp;apos;Windows 7&amp;apos;, os.arch: &amp;apos;amd64&amp;apos;, os.version: &amp;apos;6.1&amp;apos;, java.version: &amp;apos;1.8.0_131&amp;apos;
Driver info: driver.version: AndroidDriver">
      <![CDATA[org.openqa.selenium.SessionNotCreatedException: Unable to create a new remote session. Please check the server log for more details. Original error: An unknown server-side error occurred while processing the command. Original error: The application at 'C:\Users\AMITSI~1\AppData\Local\Temp\2020218-5516-eygydm.vbyf6\appium-uiautomator2-server-debug-androidTest.apk' is not writeable. Please grant write permissions to this file or to its parent folder 'C:\Users\AMITSI~1\AppData\Local\Temp\2020218-5516-eygydm.vbyf6' for the Appium process, so it could sign the application
Build info: version: '3.141.59', revision: 'e82be7d358', time: '2018-11-14T08:17:03'
System info: host: 'LENOVO-PC', ip: '192.168.42.47', os.name: 'Windows 7', os.arch: 'amd64', os.version: '6.1', java.version: '1.8.0_131'
Driver info: driver.version: AndroidDriver
remote stacktrace: UnknownError: An unknown server-side error occurred while processing the command. Original error: The application at 'C:\Users\AMITSI~1\AppData\Local\Temp\2020218-5516-eygydm.vbyf6\appium-uiautomator2-server-debug-androidTest.apk' is not writeable. Please grant write permissions to this file or to its parent folder 'C:\Users\AMITSI~1\AppData\Local\Temp\2020218-5516-eygydm.vbyf6' for the Appium process, so it could sign the application
    at getResponseForW3CError (C:\Program Files\Appium\resources\app\node_modules\appium\node_modules\appium-base-driver\lib\protocol\errors.js:804:9)
    at asyncHandler (C:\Program Files\Appium\resources\app\node_modules\appium\node_modules\appium-base-driver\lib\protocol\protocol.js:388:37)
    at process._tickCallback (internal/process/next_tick.js:68:7)
Build info: version: '3.141.59', revision: 'e82be7d358', time: '2018-11-14T08:17:03'
System info: host: 'LENOVO-PC', ip: '192.168.42.47', os.name: 'Windows 7', os.arch: 'amd64', os.version: '6.1', java.version: '1.8.0_131'
Driver info: driver.version: AndroidDriver
at io.appium.java_client.remote.AppiumCommandExecutor$1.createSession(AppiumCommandExecutor.java:208)
at io.appium.java_client.remote.AppiumCommandExecutor.createSession(AppiumCommandExecutor.java:217)
at io.appium.java_client.remote.AppiumCommandExecutor.execute(AppiumCommandExecutor.java:239)
at org.openqa.selenium.remote.RemoteWebDriver.execute(RemoteWebDriver.java:552)
at io.appium.java_client.DefaultGenericMobileDriver.execute(DefaultGenericMobileDriver.java:41)
at io.appium.java_client.AppiumDriver.execute(AppiumDriver.java:1)
at io.appium.java_client.android.AndroidDriver.execute(AndroidDriver.java:1)
at org.openqa.selenium.remote.RemoteWebDriver.startSession(RemoteWebDriver.java:213)
at io.appium.java_client.AppiumDriver.startSession(AppiumDriver.java:336)
at org.openqa.selenium.remote.RemoteWebDriver.<init>(RemoteWebDriver.java:131)
at io.appium.java_client.DefaultGenericMobileDriver.<init>(DefaultGenericMobileDriver.java:37)
at io.appium.java_client.AppiumDriver.<init>(AppiumDriver.java:88)
at io.appium.java_client.AppiumDriver.<init>(AppiumDriver.java:98)
at io.appium.java_client.android.AndroidDriver.<init>(AndroidDriver.java:94)
at com.qa.BaseTestForSigninSignUp.beforeTest(BaseTestForSigninSignUp.java:119)
at io.appium.java_client.remote.AppiumCommandExecutor$1.createSession(AppiumCommandExecutor.java:186)
... 38 more
Caused by: org.openqa.selenium.WebDriverException: An unknown server-side error occurred while processing the command. Original error: The application at 'C:\Users\AMITSI~1\AppData\Local\Temp\2020218-5516-eygydm.vbyf6\appium-uiautomator2-server-debug-androidTest.apk' is not writeable. Please grant write permissions to this file or to its parent folder 'C:\Users\AMITSI~1\AppData\Local\Temp\2020218-5516-eygydm.vbyf6' for the Appium process, so it could sign the application
Build info: version: '3.141.59', revision: 'e82be7d358', time: '2018-11-14T08:17:03'
System info: host: 'LENOVO-PC', ip: '192.168.42.47', os.name: 'Windows 7', os.arch: 'amd64', os.version: '6.1', java.version: '1.8.0_131'
Driver info: driver.version: AndroidDriver
remote stacktrace: UnknownError: An unknown server-side error occurred while processing the command. Original error: The application at 'C:\Users\AMITSI~1\AppData\Local\Temp\2020218-5516-eygydm.vbyf6\appium-uiautomator2-server-debug-androidTest.apk' is not writeable. Please grant write permissions to this file or to its parent folder 'C:\Users\AMITSI~1\AppData\Local\Temp\2020218-5516-eygydm.vbyf6' for the Appium process, so it could sign the application
    at getResponseForW3CError (C:\Program Files\Appium\resources\app\node_modules\appium\node_modules\appium-base-driver\lib\protocol\errors.js:804:9)
    at asyncHandler (C:\Program Files\Appium\resources\app\node_modules\appium\node_modules\appium-base-driver\lib\protocol\protocol.js:388:37)
    at process._tickCallback (internal/process/next_tick.js:68:7)
at org.openqa.selenium.remote.W3CHandshakeResponse.lambda$errorHandler$0(W3CHandshakeResponse.java:62)
at org.openqa.selenium.remote.HandshakeResponse.lambda$getResponseFunction$0(HandshakeResponse.java:30)
at org.openqa.selenium.remote.ProtocolHandshake.lambda$createSession$0(ProtocolHandshake.java:126)
at java.util.stream.ReferencePipeline$3$1.accept(ReferencePipeline.java:193)
at java.util.Spliterators$ArraySpliterator.tryAdvance(Spliterators.java:958)
at java.util.stream.ReferencePipeline.forEachWithCancel(ReferencePipeline.java:126)
at java.util.stream.AbstractPipeline.copyIntoWithCancel(AbstractPipeline.java:498)
at java.util.stream.AbstractPipeline.copyInto(AbstractPipeline.java:485)
at java.util.stream.AbstractPipeline.wrapAndCopyInto(AbstractPipeline.java:471)
at java.util.stream.FindOps$FindOp.evaluateSequential(FindOps.java:152)
at java.util.stream.AbstractPipeline.evaluate(AbstractPipeline.java:234)
at java.util.stream.ReferencePipeline.findFirst(ReferencePipeline.java:464)
at org.openqa.selenium.remote.ProtocolHandshake.createSession(ProtocolHandshake.java:128)
... 43 more
... Removed 33 stack frames]]>
    </failure>
  </testcase> <!-- @BeforeTest beforeTest -->
  <testcase name="@BeforeClass beforeClass" time="-1.584541374509E9" classname="com.qa.tests.SigninWithEnglishLanguage">
    <skipped/>
  </testcase> <!-- @BeforeClass beforeClass -->
  <testcase name="@BeforeMethod beforeMethod" time="-1.584541374553E9" classname="com.qa.tests.SigninWithEnglishLanguage">
    <skipped/>
  </testcase> <!-- @BeforeMethod beforeMethod -->
  <testcase name="@AfterMethod afterMethod" time="-1.584541374633E9" classname="com.qa.tests.SigninWithEnglishLanguage">
    <skipped/>
  </testcase> <!-- @AfterMethod afterMethod -->
  <testcase name="@BeforeMethod beforeMethod" time="-1.584541374642E9" classname="com.qa.tests.SigninWithEnglishLanguage">
    <skipped/>
  </testcase> <!-- @BeforeMethod beforeMethod -->
  <testcase name="@AfterMethod afterMethod" time="-1.584541374674E9" classname="com.qa.tests.SigninWithEnglishLanguage">
    <skipped/>
  </testcase> <!-- @AfterMethod afterMethod -->
  <testcase name="@BeforeMethod beforeMethod" time="-1.58454137468E9" classname="com.qa.tests.SigninWithEnglishLanguage">
    <skipped/>
  </testcase> <!-- @BeforeMethod beforeMethod -->
  <testcase name="@AfterMethod afterMethod" time="-1.584541374704E9" classname="com.qa.tests.SigninWithEnglishLanguage">
    <skipped/>
  </testcase> <!-- @AfterMethod afterMethod -->
  <testcase name="@BeforeMethod beforeMethod" time="-1.584541374717E9" classname="com.qa.tests.SigninWithEnglishLanguage">
    <skipped/>
  </testcase> <!-- @BeforeMethod beforeMethod -->
  <testcase name="@AfterMethod afterMethod" time="-1.584541374755E9" classname="com.qa.tests.SigninWithEnglishLanguage">
    <skipped/>
  </testcase> <!-- @AfterMethod afterMethod -->
  <testcase name="@BeforeMethod beforeMethod" time="-1.584541374758E9" classname="com.qa.tests.SigninWithEnglishLanguage">
    <skipped/>
  </testcase> <!-- @BeforeMethod beforeMethod -->
  <testcase name="@AfterMethod afterMethod" time="-1.584541374779E9" classname="com.qa.tests.SigninWithEnglishLanguage">
    <skipped/>
  </testcase> <!-- @AfterMethod afterMethod -->
  <testcase name="@BeforeMethod beforeMethod" time="-1.584541374788E9" classname="com.qa.tests.SigninWithEnglishLanguage">
    <skipped/>
  </testcase> <!-- @BeforeMethod beforeMethod -->
  <testcase name="@AfterMethod afterMethod" time="-1.584541374839E9" classname="com.qa.tests.SigninWithEnglishLanguage">
    <skipped/>
  </testcase> <!-- @AfterMethod afterMethod -->
  <testcase name="@BeforeMethod beforeMethod" time="-1.584541374842E9" classname="com.qa.tests.SigninWithEnglishLanguage">
    <skipped/>
  </testcase> <!-- @BeforeMethod beforeMethod -->
  <testcase name="@AfterMethod afterMethod" time="-1.58454137486E9" classname="com.qa.tests.SigninWithEnglishLanguage">
    <skipped/>
  </testcase> <!-- @AfterMethod afterMethod -->
  <testcase name="@BeforeMethod beforeMethod" time="-1.584541374863E9" classname="com.qa.tests.SigninWithEnglishLanguage">
    <skipped/>
  </testcase> <!-- @BeforeMethod beforeMethod -->
  <testcase name="@AfterMethod afterMethod" time="-1.584541374899E9" classname="com.qa.tests.SigninWithEnglishLanguage">
    <skipped/>
  </testcase> <!-- @AfterMethod afterMethod -->
  <testcase name="@BeforeMethod beforeMethod" time="-1.584541374923E9" classname="com.qa.tests.SigninWithEnglishLanguage">
    <skipped/>
  </testcase> <!-- @BeforeMethod beforeMethod -->
  <testcase name="@AfterMethod afterMethod" time="-1.584541374942E9" classname="com.qa.tests.SigninWithEnglishLanguage">
    <skipped/>
  </testcase> <!-- @AfterMethod afterMethod -->
  <testcase name="@BeforeMethod beforeMethod" time="-1.584541374962E9" classname="com.qa.tests.SigninWithEnglishLanguage">
    <skipped/>
  </testcase> <!-- @BeforeMethod beforeMethod -->
  <testcase name="@AfterMethod afterMethod" time="-1.584541374989E9" classname="com.qa.tests.SigninWithEnglishLanguage">
    <skipped/>
  </testcase> <!-- @AfterMethod afterMethod -->
  <testcase name="@BeforeMethod beforeMethod" time="-1.584541374993E9" classname="com.qa.tests.SigninWithEnglishLanguage">
    <skipped/>
  </testcase> <!-- @BeforeMethod beforeMethod -->
  <testcase name="@AfterMethod afterMethod" time="-1.584541375016E9" classname="com.qa.tests.SigninWithEnglishLanguage">
    <skipped/>
  </testcase> <!-- @AfterMethod afterMethod -->
  <testcase name="@BeforeMethod beforeMethod" time="-1.584541375019E9" classname="com.qa.tests.SigninWithEnglishLanguage">
    <skipped/>
  </testcase> <!-- @BeforeMethod beforeMethod -->
  <testcase name="@AfterMethod afterMethod" time="-1.58454137504E9" classname="com.qa.tests.SigninWithEnglishLanguage">
    <skipped/>
  </testcase> <!-- @AfterMethod afterMethod -->
  <testcase name="@AfterClass afterClass" time="-1.584541375042E9" classname="com.qa.tests.SigninWithEnglishLanguage">
    <skipped/>
  </testcase> <!-- @AfterClass afterClass -->
  <testcase name="@AfterTest afterTest" time="-1.584541375046E9" classname="com.qa.BaseTestForSigninSignUp">
    <skipped/>
  </testcase> <!-- @AfterTest afterTest -->
  <testcase name="checkSignInButton" time="0.0" classname="com.qa.tests.SigninWithEnglishLanguage">
    <skipped/>
  </testcase> <!-- checkSignInButton -->
  <testcase name="checkEnglishLangButton" time="0.0" classname="com.qa.tests.SigninWithEnglishLanguage">
    <skipped/>
  </testcase> <!-- checkEnglishLangButton -->
  <testcase name="checkAgreeAndContinueButton" time="0.0" classname="com.qa.tests.SigninWithEnglishLanguage">
    <skipped/>
  </testcase> <!-- checkAgreeAndContinueButton -->
  <testcase name="checkSmsAllowButton" time="0.0" classname="com.qa.tests.SigninWithEnglishLanguage">
    <skipped/>
  </testcase> <!-- checkSmsAllowButton -->
  <testcase name="checkContactsAllowButton" time="0.0" classname="com.qa.tests.SigninWithEnglishLanguage">
    <skipped/>
  </testcase> <!-- checkContactsAllowButton -->
  <testcase name="checkManagePhoneCallsAllowButton" time="0.0" classname="com.qa.tests.SigninWithEnglishLanguage">
    <skipped/>
  </testcase> <!-- checkManagePhoneCallsAllowButton -->
  <testcase name="checkLocationAllowButton" time="0.0" classname="com.qa.tests.SigninWithEnglishLanguage">
    <skipped/>
  </testcase> <!-- checkLocationAllowButton -->
  <testcase name="checkFBLoginButton" time="0.0" classname="com.qa.tests.SigninWithEnglishLanguage">
    <skipped/>
  </testcase> <!-- checkFBLoginButton -->
  <testcase name="checkFBLoginPage" time="0.0" classname="com.qa.tests.SigninWithEnglishLanguage">
    <skipped/>
  </testcase> <!-- checkFBLoginPage -->
  <testcase name="checkContinueLoginWithFBBtn" time="0.0" classname="com.qa.tests.SigninWithEnglishLanguage">
    <skipped/>
  </testcase> <!-- checkContinueLoginWithFBBtn -->
  <testcase name="checkCreatePassword" time="0.0" classname="com.qa.tests.SigninWithEnglishLanguage">
    <skipped/>
  </testcase> <!-- checkCreatePassword -->
  <testcase name="checkConfirmPassword" time="0.0" classname="com.qa.tests.SigninWithEnglishLanguage">
    <skipped/>
  </testcase> <!-- checkConfirmPassword -->
</testsuite> <!-- Complete Sign in Button tests -->
