<?xml version="1.0" encoding="UTF-8"?>
<testng-results skipped="0" failed="1" ignored="0" total="3" passed="2">
  <reporter-output>
    <line>
      <![CDATA[this is the Symple ScreenShot]]>
    </line>
    <line>
      <![CDATA[<a herf='C:\Users\Amit singh\git\AutomationFrameWork\SmartCoinAutomationFramework\Screenshots\Android 9.0 Android Emulator\2020-04-04-14-09-15\KYCUploadDocumentsPageTests\checkUploadPanCardAsIDAndUtillityBillsAsAddressProofe.png'><img src ='C:\Users\Amit singh\git\AutomationFrameWork\SmartCoinAutomationFramework\Screenshots\Android 9.0 Android Emulator\2020-04-04-14-09-15\KYCUploadDocumentsPageTests\checkUploadPanCardAsIDAndUtillityBillsAsAddressProofe.png' height='100' width='100'/></a> ]]>
    </line>
  </reporter-output>
  <suite name="Suite" duration-ms="205440" started-at="2020-04-04T14:09:14 IST" finished-at="2020-04-04T14:12:39 IST">
    <groups>
    </groups>
    <test name="KYC Documents Page Tests" duration-ms="205440" started-at="2020-04-04T14:09:14 IST" finished-at="2020-04-04T14:12:39 IST">
      <class name="com.qa.tests.KYCUploadDocumentsPageTests">
        <test-method status="PASS" signature="beforeTest(java.lang.String, java.lang.String, java.lang.String, java.lang.String)[pri:0, instance:com.qa.tests.KYCUploadDocumentsPageTests@1d25c1c]" name="beforeTest" is-config="true" duration-ms="15874" started-at="2020-04-04T14:09:15 IST" finished-at="2020-04-04T14:09:31 IST">
          <params>
            <param index="0">
              <value>
                <![CDATA[Android]]>
              </value>
            </param>
            <param index="1">
              <value>
                <![CDATA[9.0]]>
              </value>
            </param>
            <param index="2">
              <value>
                <![CDATA[Android Emulator]]>
              </value>
            </param>
            <param index="3">
              <value>
                <![CDATA[emulator-5554]]>
              </value>
            </param>
          </params>
          <reporter-output>
          </reporter-output>
        </test-method> <!-- beforeTest -->
        <test-method status="PASS" signature="beforeClass()[pri:0, instance:com.qa.tests.KYCUploadDocumentsPageTests@1d25c1c]" name="beforeClass" is-config="true" duration-ms="617" started-at="2020-04-04T14:09:31 IST" finished-at="2020-04-04T14:09:32 IST">
          <reporter-output>
          </reporter-output>
        </test-method> <!-- beforeClass -->
        <test-method status="PASS" signature="beforeMethod(java.lang.reflect.Method)[pri:0, instance:com.qa.tests.KYCUploadDocumentsPageTests@1d25c1c]" name="beforeMethod" is-config="true" duration-ms="9" started-at="2020-04-04T14:09:32 IST" finished-at="2020-04-04T14:09:32 IST">
          <params>
            <param index="0">
              <value>
                <![CDATA[public void com.qa.tests.KYCUploadDocumentsPageTests.checkHomePageScrolling()]]>
              </value>
            </param>
          </params>
          <reporter-output>
          </reporter-output>
        </test-method> <!-- beforeMethod -->
        <test-method status="PASS" signature="checkHomePageScrolling()[pri:1, instance:com.qa.tests.KYCUploadDocumentsPageTests@1d25c1c]" name="checkHomePageScrolling" duration-ms="34564" started-at="2020-04-04T14:09:32 IST" description="verify Enter Password Page and home page my_profile Button and On My profile page Expend Menu Button and Edit_Persional Details Button on menu page" finished-at="2020-04-04T14:10:07 IST">
          <reporter-output>
          </reporter-output>
        </test-method> <!-- checkHomePageScrolling -->
        <test-method status="PASS" signature="afterMethod()[pri:0, instance:com.qa.tests.KYCUploadDocumentsPageTests@1d25c1c]" name="afterMethod" is-config="true" duration-ms="3" started-at="2020-04-04T14:10:08 IST" finished-at="2020-04-04T14:10:08 IST">
          <reporter-output>
          </reporter-output>
        </test-method> <!-- afterMethod -->
        <test-method status="PASS" signature="beforeMethod(java.lang.reflect.Method)[pri:0, instance:com.qa.tests.KYCUploadDocumentsPageTests@1d25c1c]" name="beforeMethod" is-config="true" duration-ms="18" started-at="2020-04-04T14:10:08 IST" finished-at="2020-04-04T14:10:08 IST">
          <params>
            <param index="0">
              <value>
                <![CDATA[public void com.qa.tests.KYCUploadDocumentsPageTests.checkUploadAadharFrontAsIDAndAddharBackAsAddressProofe()]]>
              </value>
            </param>
          </params>
          <reporter-output>
          </reporter-output>
        </test-method> <!-- beforeMethod -->
        <test-method status="PASS" signature="checkUploadAadharFrontAsIDAndAddharBackAsAddressProofe()[pri:2, instance:com.qa.tests.KYCUploadDocumentsPageTests@1d25c1c]" name="checkUploadAadharFrontAsIDAndAddharBackAsAddressProofe" duration-ms="61726" started-at="2020-04-04T14:10:08 IST" description="Verify Edit KYC Details Page by Uploading valid data and Scrolling and documents uploaded Aadhar front as ID proof and Aadhar back As Address Proof" finished-at="2020-04-04T14:11:10 IST">
          <reporter-output>
          </reporter-output>
        </test-method> <!-- checkUploadAadharFrontAsIDAndAddharBackAsAddressProofe -->
        <test-method status="PASS" signature="afterMethod()[pri:0, instance:com.qa.tests.KYCUploadDocumentsPageTests@1d25c1c]" name="afterMethod" is-config="true" duration-ms="0" started-at="2020-04-04T14:11:11 IST" finished-at="2020-04-04T14:11:11 IST">
          <reporter-output>
          </reporter-output>
        </test-method> <!-- afterMethod -->
        <test-method status="PASS" signature="beforeMethod(java.lang.reflect.Method)[pri:0, instance:com.qa.tests.KYCUploadDocumentsPageTests@1d25c1c]" name="beforeMethod" is-config="true" duration-ms="4" started-at="2020-04-04T14:11:11 IST" finished-at="2020-04-04T14:11:11 IST">
          <params>
            <param index="0">
              <value>
                <![CDATA[public void com.qa.tests.KYCUploadDocumentsPageTests.checkUploadPanCardAsIDAndUtillityBillsAsAddressProofe()]]>
              </value>
            </param>
          </params>
          <reporter-output>
          </reporter-output>
        </test-method> <!-- beforeMethod -->
        <test-method status="FAIL" signature="checkUploadPanCardAsIDAndUtillityBillsAsAddressProofe()[pri:3, instance:com.qa.tests.KYCUploadDocumentsPageTests@1d25c1c]" name="checkUploadPanCardAsIDAndUtillityBillsAsAddressProofe" duration-ms="83963" started-at="2020-04-04T14:11:11 IST" description="Verify Edit KYC Details Page by Uploading valid data and Scrolling and documents uploaded Pan Card as ID proof and Utillity bills  As Address Proof" finished-at="2020-04-04T14:12:35 IST">
          <exception class="org.openqa.selenium.TimeoutException">
            <message>
              <![CDATA[Expected condition failed: waiting for visibility of Located by By.chained({By.xpath: //android.widget.TextView[@text='Documents Uploaded!' and @index='0']}) (tried for 30 second(s) with 500 milliseconds interval)]]>
            </message>
            <full-stacktrace>
              <![CDATA[org.openqa.selenium.TimeoutException: Expected condition failed: waiting for visibility of Located by By.chained({By.xpath: //android.widget.TextView[@text='Documents Uploaded!' and @index='0']}) (tried for 30 second(s) with 500 milliseconds interval)
at org.openqa.selenium.support.ui.WebDriverWait.timeoutException(WebDriverWait.java:95)
at org.openqa.selenium.support.ui.FluentWait.until(FluentWait.java:272)
at com.qa.BaseTest.waitForVisibility(BaseTest.java:208)
at com.qa.BaseTest.getAttribute(BaseTest.java:238)
at com.qa.pages.MyProfilePage.getDocumentsUploadedConfirmationMessage(MyProfilePage.java:26)
at com.qa.tests.KYCUploadDocumentsPageTests.checkUploadPanCardAsIDAndUtillityBillsAsAddressProofe(KYCUploadDocumentsPageTests.java:268)
at sun.reflect.NativeMethodAccessorImpl.invoke0(Native Method)
at sun.reflect.NativeMethodAccessorImpl.invoke(NativeMethodAccessorImpl.java:62)
at sun.reflect.DelegatingMethodAccessorImpl.invoke(DelegatingMethodAccessorImpl.java:43)
at java.lang.reflect.Method.invoke(Method.java:498)
at org.testng.internal.MethodInvocationHelper.invokeMethod(MethodInvocationHelper.java:133)
at org.testng.internal.TestInvoker.invokeMethod(TestInvoker.java:584)
at org.testng.internal.TestInvoker.invokeTestMethod(TestInvoker.java:172)
at org.testng.internal.MethodRunner.runInSequence(MethodRunner.java:46)
at org.testng.internal.TestInvoker$MethodInvocationAgent.invoke(TestInvoker.java:804)
at org.testng.internal.TestInvoker.invokeTestMethods(TestInvoker.java:145)
at org.testng.internal.TestMethodWorker.invokeTestMethods(TestMethodWorker.java:146)
at org.testng.internal.TestMethodWorker.run(TestMethodWorker.java:128)
at java.util.ArrayList.forEach(ArrayList.java:1249)
at org.testng.TestRunner.privateRun(TestRunner.java:770)
at org.testng.TestRunner.run(TestRunner.java:591)
at org.testng.SuiteRunner.runTest(SuiteRunner.java:402)
at org.testng.SuiteRunner.runSequentially(SuiteRunner.java:396)
at org.testng.SuiteRunner.privateRun(SuiteRunner.java:355)
at org.testng.SuiteRunner.run(SuiteRunner.java:304)
at org.testng.SuiteRunnerWorker.runSuite(SuiteRunnerWorker.java:53)
at org.testng.SuiteRunnerWorker.run(SuiteRunnerWorker.java:96)
at org.testng.TestNG.runSuitesSequentially(TestNG.java:1180)
at org.testng.TestNG.runSuitesLocally(TestNG.java:1102)
at org.testng.TestNG.runSuites(TestNG.java:1032)
at org.testng.TestNG.run(TestNG.java:1000)
at org.testng.remote.AbstractRemoteTestNG.run(AbstractRemoteTestNG.java:115)
at org.testng.remote.RemoteTestNG.initAndRun(RemoteTestNG.java:251)
at org.testng.remote.RemoteTestNG.main(RemoteTestNG.java:77)
Caused by: org.openqa.selenium.NoSuchElementException: Can't locate an element by this strategy: By.chained({By.xpath: //android.widget.TextView[@text='Documents Uploaded!' and @index='0']})
at io.appium.java_client.pagefactory.AppiumElementLocator.findElement(AppiumElementLocator.java:126)
at io.appium.java_client.pagefactory.interceptors.InterceptorOfASingleElement.intercept(InterceptorOfASingleElement.java:59)
at io.appium.java_client.android.AndroidElement$$EnhancerByCGLIB$$b598166c.isDisplayed(<generated>)
at org.openqa.selenium.support.ui.ExpectedConditions.elementIfVisible(ExpectedConditions.java:314)
at org.openqa.selenium.support.ui.ExpectedConditions.access$000(ExpectedConditions.java:43)
at org.openqa.selenium.support.ui.ExpectedConditions$10.apply(ExpectedConditions.java:300)
at org.openqa.selenium.support.ui.ExpectedConditions$10.apply(ExpectedConditions.java:297)
at org.openqa.selenium.support.ui.FluentWait.until(FluentWait.java:249)
... 32 more
Caused by: org.openqa.selenium.TimeoutException: Expected condition failed: waiting for io.appium.java_client.pagefactory.AppiumElementLocator$WaitingFunction@7378c4a4 (tried for 1 second(s) with 500 milliseconds interval)
at org.openqa.selenium.support.ui.FluentWait.timeoutException(FluentWait.java:304)
at org.openqa.selenium.support.ui.FluentWait.until(FluentWait.java:272)
at io.appium.java_client.pagefactory.AppiumElementLocator.waitFor(AppiumElementLocator.java:99)
at io.appium.java_client.pagefactory.AppiumElementLocator.findElement(AppiumElementLocator.java:119)
... 39 more
Caused by: org.openqa.selenium.NoSuchElementException: Cannot locate an element using By.chained({By.xpath: //android.widget.TextView[@text='Documents Uploaded!' and @index='0']})
For documentation on this error, please visit: https://www.seleniumhq.org/exceptions/no_such_element.html
Build info: version: '3.141.59', revision: 'e82be7d358', time: '2018-11-14T08:17:03'
System info: host: 'LENOVO-PC', ip: '192.168.1.97', os.name: 'Windows 7', os.arch: 'amd64', os.version: '6.1', java.version: '1.8.0_131'
Driver info: driver.version: AndroidDriver
at io.appium.java_client.pagefactory.bys.builder.ByChained.findElement(ByChained.java:74)
at org.openqa.selenium.remote.RemoteWebDriver.findElement(RemoteWebDriver.java:315)
at io.appium.java_client.DefaultGenericMobileDriver.findElement(DefaultGenericMobileDriver.java:57)
at io.appium.java_client.AppiumDriver.findElement(AppiumDriver.java:1)
at io.appium.java_client.android.AndroidDriver.findElement(AndroidDriver.java:1)
at io.appium.java_client.pagefactory.bys.ContentMappedBy.findElement(ContentMappedBy.java:50)
at org.openqa.selenium.remote.RemoteWebDriver.findElement(RemoteWebDriver.java:315)
at io.appium.java_client.DefaultGenericMobileDriver.findElement(DefaultGenericMobileDriver.java:57)
at io.appium.java_client.AppiumDriver.findElement(AppiumDriver.java:1)
at io.appium.java_client.android.AndroidDriver.findElement(AndroidDriver.java:1)
at io.appium.java_client.pagefactory.AppiumElementLocator.lambda$0(AppiumElementLocator.java:120)
at io.appium.java_client.pagefactory.AppiumElementLocator$WaitingFunction.apply(AppiumElementLocator.java:172)
at io.appium.java_client.pagefactory.AppiumElementLocator$WaitingFunction.apply(AppiumElementLocator.java:1)
at org.openqa.selenium.support.ui.FluentWait.until(FluentWait.java:249)
... 41 more
]]>
            </full-stacktrace>
          </exception> <!-- org.openqa.selenium.TimeoutException -->
          <reporter-output>
            <line>
              <![CDATA[this is the Symple ScreenShot]]>
            </line>
            <line>
              <![CDATA[<a herf='C:\Users\Amit singh\git\AutomationFrameWork\SmartCoinAutomationFramework\Screenshots\Android 9.0 Android Emulator\2020-04-04-14-09-15\KYCUploadDocumentsPageTests\checkUploadPanCardAsIDAndUtillityBillsAsAddressProofe.png'><img src ='C:\Users\Amit singh\git\AutomationFrameWork\SmartCoinAutomationFramework\Screenshots\Android 9.0 Android Emulator\2020-04-04-14-09-15\KYCUploadDocumentsPageTests\checkUploadPanCardAsIDAndUtillityBillsAsAddressProofe.png' height='100' width='100'/></a> ]]>
            </line>
          </reporter-output>
        </test-method> <!-- checkUploadPanCardAsIDAndUtillityBillsAsAddressProofe -->
        <test-method status="PASS" signature="afterMethod()[pri:0, instance:com.qa.tests.KYCUploadDocumentsPageTests@1d25c1c]" name="afterMethod" is-config="true" duration-ms="1" started-at="2020-04-04T14:12:38 IST" finished-at="2020-04-04T14:12:38 IST">
          <reporter-output>
          </reporter-output>
        </test-method> <!-- afterMethod -->
        <test-method status="PASS" signature="afterClass()[pri:0, instance:com.qa.tests.KYCUploadDocumentsPageTests@1d25c1c]" name="afterClass" is-config="true" duration-ms="1" started-at="2020-04-04T14:12:38 IST" finished-at="2020-04-04T14:12:38 IST">
          <reporter-output>
          </reporter-output>
        </test-method> <!-- afterClass -->
        <test-method status="PASS" signature="afterTest()[pri:0, instance:com.qa.tests.KYCUploadDocumentsPageTests@1d25c1c]" name="afterTest" is-config="true" duration-ms="1441" started-at="2020-04-04T14:12:38 IST" finished-at="2020-04-04T14:12:39 IST">
          <reporter-output>
          </reporter-output>
        </test-method> <!-- afterTest -->
      </class> <!-- com.qa.tests.KYCUploadDocumentsPageTests -->
    </test> <!-- KYC Documents Page Tests -->
  </suite> <!-- Suite -->
</testng-results>
